v ATLAS
# This file was created by ATLAS version 5.26.1.R on Sat Nov 22 22:13:57 2025.
#SSF 2.0 generic
##############################################################################
#                    Copyright (c) 1984 - 2018                               #
#                    Silvaco Inc. All rights reserved                        #
#                                                                            #
# This file format and the following Key are copyright Silvaco Inc.          #
# You may not use, this format or key without reproducing this message in    #
# full and obtaining express written permission from Silvaco Inc.            #
#                                                                            #
# To obtain such permission please contact: Silvaco Inc.                     #
#                                           support@silvaco.com              #
#                                                                            #
# KEY=SVC86hn7562asdx                       PROD=345                         #
##############################################################################
y 3 700 711 15
z 0.04 1e+041 300
f 3 "gate" "source" "drain" 
p 9 2 601 20 3 602 21 4 603 22 
d 0.000000000e+000 0.000000000e+000 -1.729485616e-028 0.000000000e+000 0.000000000e+000 9.259205668e-022 0.000000000e+000 0.000000000e+000 -2.069704907e-021 
d 2.000000000e-001 2.000000000e-001 2.510948678e-011 0.000000000e+000 0.000000000e+000 -1.255474339e-011 0.000000000e+000 0.000000000e+000 -1.255474339e-011 
d 4.000000000e-001 4.000000000e-001 5.305710001e-008 0.000000000e+000 0.000000000e+000 -2.652854945e-008 0.000000000e+000 0.000000000e+000 -2.652854944e-008 
d 6.000000000e-001 6.000000000e-001 3.062865053e-005 0.000000000e+000 0.000000000e+000 -1.531432525e-005 0.000000000e+000 0.000000000e+000 -1.531432525e-005 
d 8.000000000e-001 8.000000000e-001 1.182265166e-004 0.000000000e+000 0.000000000e+000 -5.911325831e-005 0.000000000e+000 0.000000000e+000 -5.911325830e-005 
d 9.000000000e-001 9.000000000e-001 1.291200237e-004 0.000000000e+000 0.000000000e+000 -6.456001184e-005 0.000000000e+000 0.000000000e+000 -6.456001184e-005 
d 1.000000000e+000 1.000000000e+000 1.334947028e-004 0.000000000e+000 0.000000000e+000 -6.674735173e-005 0.000000000e+000 0.000000000e+000 -6.674735173e-005 
d 1.200000000e+000 1.200000000e+000 1.366960154e-004 0.000000000e+000 0.000000000e+000 -6.834800899e-005 0.000000000e+000 0.000000000e+000 -6.834800899e-005 
